
Showing logs for build [32mseancunninghamtest-spring-petcl-lxd9q-2[0m stage [32mfrom-build-pack[0m and container [32mcredential-initializer[0m
{"level":"info","ts":1600878592.28251,"caller":"creds-init/main.go:44","msg":"Credentials initialized."}

Showing logs for build [32mseancunninghamtest-spring-petcl-lxd9q-2[0m stage [32mfrom-build-pack[0m and container [32mworking-dir-initializer[0m

Showing logs for build [32mseancunninghamtest-spring-petcl-lxd9q-2[0m stage [32mfrom-build-pack[0m and container [32mplace-tools[0m

Showing logs for build [32mseancunninghamtest-spring-petcl-lxd9q-2[0m stage [32mfrom-build-pack[0m and container [32mstep-git-source-seancunninghamtest-spring-petcl-lxd9q-wvtrl[0m
{"level":"info","ts":1600878636.1025202,"caller":"git/git.go:105","msg":"Successfully cloned https://github.com/**************test/spring-petclinic.git @ v0.0.1 in path /workspace/source"}
{"level":"warn","ts":1600878636.1026156,"caller":"git/git.go:152","msg":"Unexpected error: creating symlink: symlink /tekton/home/.ssh /root/.ssh: file exists"}
{"level":"info","ts":1600878636.1471782,"caller":"git/git.go:133","msg":"Successfully initialized and updated submodules in path /workspace/source"}

Showing logs for build [32mseancunninghamtest-spring-petcl-lxd9q-2[0m stage [32mfrom-build-pack[0m and container [32mstep-setup-builder-home[0m

Showing logs for build [32mseancunninghamtest-spring-petcl-lxd9q-2[0m stage [32mfrom-build-pack[0m and container [32mstep-git-merge[0m
Using SHAs from PULL_REFS=master:
WARNING: no SHAs to merge, falling back to initial cloned commit

Showing logs for build [32mseancunninghamtest-spring-petcl-lxd9q-2[0m stage [32mfrom-build-pack[0m and container [32mstep-setup-jx-git-credentials[0m
Generated Git credentials file /workspace/xdg_config/git/credentials

Showing logs for build [32mseancunninghamtest-spring-petcl-lxd9q-2[0m stage [32mfrom-build-pack[0m and container [32mstep-build-mvn-deploy[0m
Picked up _JAVA_OPTIONS: -XX:+UnlockExperimentalVMOptions -XX:+UseCGroupMemoryLimitForHeap -Dsun.zip.disableMemoryMapping=true -XX:+UseParallelGC -XX:MinHeapFreeRatio=5 -XX:MaxHeapFreeRatio=10 -XX:GCTimeRatio=4 -XX:AdaptiveSizePolicyWeight=90 -Xms10m -Xmx192m
OpenJDK 64-Bit Server VM warning: If the number of processors is expected to increase from one, then you should configure the number of parallel GC threads appropriately using -XX:ParallelGCThreads=N
[INFO] Scanning for projects...
[INFO] 
[INFO] ------------< org.springframework.samples:spring-petclinic >------------
[INFO] Building petclinic 0.0.1
[INFO] --------------------------------[ jar ]---------------------------------
[INFO] 
[INFO] --- maven-clean-plugin:3.1.0:clean (default-clean) @ spring-petclinic ---
[INFO] 
[INFO] --- spring-javaformat-maven-plugin:0.0.19:validate (default) @ spring-petclinic ---
[INFO] 
[INFO] --- maven-checkstyle-plugin:3.1.0:check (nohttp-checkstyle-validation) @ spring-petclinic ---
[INFO] There are 3 errors reported by Checkstyle 8.29 with src/checkstyle/nohttp-checkstyle.xml ruleset.
[ERROR] charts/preview/requirements.yaml:[5,16] (extension) NoHttp: http:// URLs are not allowed but got 'http://chartmuseum.*********.io'. Use https:// instead.
[ERROR] charts/preview/requirements.yaml:[9,16] (extension) NoHttp: http:// URLs are not allowed but got 'http://chartmuseum.*********.io'. Use https:// instead.
[ERROR] charts/spring-petclinic/templates/canary.yaml:[54,15] (extension) NoHttp: http:// URLs are not allowed but got 'http://prometheus.istio-system:9090'. Use https:// instead.
[INFO] ------------------------------------------------------------------------
[INFO] BUILD FAILURE
[INFO] ------------------------------------------------------------------------
[INFO] Total time:  38.476 s
[INFO] Finished at: 2020-09-23T16:31:19Z
[INFO] ------------------------------------------------------------------------
[ERROR] Failed to execute goal org.apache.maven.plugins:maven-checkstyle-plugin:3.1.0:check (nohttp-checkstyle-validation) on project spring-petclinic: You have 3 Checkstyle violations. -> [Help 1]
[ERROR] 
[ERROR] To see the full stack trace of the errors, re-run Maven with the -e switch.
[ERROR] Re-run Maven using the -X switch to enable full debug logging.
[ERROR] 
[ERROR] For more information about the errors and possible solutions, please read the following articles:
[ERROR] [Help 1] http://cwiki.apache.org/confluence/display/MAVEN/MojoFailureException
[31m
Pipeline failed on stage 'from-build-pack' : container 'step-build-mvn-deploy'. The execution of the pipeline has stopped.[0m
